2025-01-12 13:47:27,528 - INFO - Processing given names...
2025-01-12 13:47:27,533 - INFO - Processing Abdou (101/26754)...
2025-01-12 13:47:36,890 - INFO - Processing Abdul Aziz (108/26754)...
2025-01-12 13:47:46,126 - INFO - Processing Abdulaziz (109/26754)...
2025-01-12 13:47:55,379 - INFO - Processing Abdullahi (118/26754)...
2025-01-12 13:48:04,629 - INFO - Processing Abdüllatif (119/26754)...
2025-01-12 13:48:13,903 - INFO - Processing Abdurakhman (124/26754)...
2025-01-12 13:48:23,123 - INFO - Processing Abeer (133/26754)...
2025-01-12 13:48:32,369 - INFO - Processing Abegail (134/26754)...
2025-01-12 13:48:41,632 - INFO - Processing Ábel (135/26754)...
2025-01-12 13:48:50,840 - INFO - Processing Abhay (148/26754)...
2025-01-12 13:49:00,065 - INFO - Processing Abhijeet (149/26754)...
2025-01-12 13:49:09,700 - INFO - Processing Abhijit (150/26754)...
2025-01-12 13:49:18,967 - INFO - Processing Abidan (159/26754)...
2025-01-12 13:49:28,169 - INFO - Processing Abigaíl (164/26754)...
2025-01-12 13:49:37,398 - INFO - Processing Abijah (171/26754)...
2025-01-12 13:49:46,868 - INFO - Processing Abilio (174/26754)...
2025-01-12 13:49:56,123 - INFO - Processing Abimael (175/26754)...
2025-01-12 13:50:05,381 - INFO - Processing Abishag (184/26754)...
2025-01-12 13:50:14,622 - INFO - Processing Abishai (185/26754)...
2025-01-12 13:50:23,861 - INFO - Processing Abo (190/26754)...
2025-01-12 13:50:33,104 - INFO - Processing Abraham (197/26754)...
2025-01-12 13:50:42,377 - INFO - Processing Abramo (200/26754)...
2025-01-12 13:50:51,627 - INFO - Processing Abubakar (207/26754)...
2025-01-12 13:51:00,890 - INFO - Processing Abu Bakr (208/26754)...
2025-01-12 13:51:10,126 - INFO - Processing Aca (213/26754)...
2025-01-12 13:51:19,390 - INFO - Processing Achan (224/26754)...
2025-01-12 13:51:28,649 - INFO - Processing Achard (225/26754)...
2025-01-12 13:51:37,849 - INFO - Processing 'Achashwerosh (226/26754)...
2025-01-12 13:51:47,121 - INFO - Processing Achilleus (235/26754)...
2025-01-12 13:51:56,377 - INFO - Processing Acke (240/26754)...
2025-01-12 13:52:05,643 - INFO - Processing Aco (241/26754)...
2025-01-12 13:52:14,884 - INFO - Processing Adalberht (250/26754)...
2025-01-12 13:52:24,123 - INFO - Processing Adalbern (251/26754)...
2025-01-12 13:52:33,353 - INFO - Processing Adalfuns (256/26754)...
2025-01-12 13:52:42,582 - INFO - Processing Adalheidis (261/26754)...
2025-01-12 13:52:51,867 - INFO - Processing Adalwin (266/26754)...
2025-01-12 13:53:01,086 - INFO - Processing Adamantios (275/26754)...
2025-01-12 13:53:10,331 - INFO - Processing Adamina (276/26754)...
2025-01-12 13:53:19,596 - INFO - Processing Adán (281/26754)...
2025-01-12 13:53:28,845 - INFO - Processing Addie (290/26754)...
2025-01-12 13:53:38,108 - INFO - Processing Addilyn (291/26754)...
2025-01-12 13:53:47,335 - INFO - Processing Adedayo (300/26754)...
2025-01-12 13:53:56,539 - INFO - Processing Adegoke (301/26754)...
2025-01-12 13:54:05,753 - INFO - Processing Adéla (306/26754)...
2025-01-12 13:54:15,007 - INFO - Processing Adelbert (315/26754)...
2025-01-12 13:54:24,235 - INFO - Processing Adélie (322/26754)...
2025-01-12 13:54:33,451 - INFO - Processing Adeline (325/26754)...
2025-01-12 13:54:42,686 - INFO - Processing Adelita (326/26754)...
2025-01-12 13:54:51,913 - INFO - Processing Adelynn (333/26754)...
2025-01-12 13:55:01,141 - INFO - Processing Ademola (338/26754)...
2025-01-12 13:55:10,374 - INFO - Processing Adenike (341/26754)...
2025-01-12 13:55:19,605 - INFO - Processing Adhara (348/26754)...
2025-01-12 13:55:28,844 - INFO - Processing Adilet (357/26754)...
2025-01-12 13:55:38,088 - INFO - Processing Adir (362/26754)...
2025-01-12 13:55:47,341 - INFO - Processing Adisa (363/26754)...
2025-01-12 13:55:56,587 - INFO - Processing Adolf (374/26754)...
2025-01-12 13:56:05,839 - INFO - Processing Adolfo (377/26754)...
2025-01-12 13:56:15,094 - INFO - Processing Adolph (378/26754)...
2025-01-12 13:56:24,336 - INFO - Processing Adonay (383/26754)...
2025-01-12 13:56:33,565 - INFO - Processing Adoración (390/26754)...
2025-01-12 13:56:42,821 - INFO - Processing Adrastea (393/26754)...
2025-01-12 13:56:52,074 - INFO - Processing Adrasteia (394/26754)...
2025-01-12 13:57:01,346 - INFO - Processing Adrianne (403/26754)...
2025-01-12 13:57:10,579 - INFO - Processing Adrien (408/26754)...
2025-01-12 13:57:19,812 - INFO - Processing Adriene (409/26754)...
2025-01-12 13:57:29,237 - INFO - Processing Adzo (418/26754)...
2025-01-12 13:57:38,479 - INFO - Processing Æbbe (419/26754)...
2025-01-12 13:57:47,729 - INFO - Processing Áed (420/26754)...
2025-01-12 13:57:56,989 - INFO - Processing Ælfgar (429/26754)...
2025-01-12 13:58:06,245 - INFO - Processing Ælfræd (433/26754)...
2025-01-12 13:58:15,513 - INFO - Processing Ælfric (434/26754)...
2025-01-12 13:58:24,741 - INFO - Processing Ælfthryth (439/26754)...
2025-01-12 13:58:34,003 - INFO - Processing Ælfweard (440/26754)...
2025-01-12 13:58:43,236 - INFO - Processing Ælfwynn (443/26754)...
2025-01-12 13:58:52,465 - INFO - Processing Aelius (448/26754)...
2025-01-12 13:59:01,783 - INFO - Processing Aella (449/26754)...
2025-01-12 13:59:11,457 - INFO - Processing Ælred (450/26754)...
2025-01-12 13:59:20,676 - INFO - Processing Aeneas (455/26754)...
2025-01-12 13:59:29,918 - INFO - Processing Aenor (458/26754)...
2025-01-12 13:59:39,155 - INFO - Processing Aeolus (459/26754)...
2025-01-12 13:59:48,366 - INFO - Processing Æsc (464/26754)...
2025-01-12 13:59:57,577 - INFO - Processing Aeschylus (465/26754)...
2025-01-12 14:00:06,816 - INFO - Processing Aesop (468/26754)...
2025-01-12 14:00:16,018 - INFO - Processing Æðelfrið (473/26754)...
2025-01-12 14:00:25,224 - INFO - Processing Æðelræd (476/26754)...
2025-01-12 14:00:34,449 - INFO - Processing Æþelræd (477/26754)...
2025-01-12 14:00:43,689 - INFO - Processing Æthelstan (482/26754)...
2025-01-12 14:00:52,927 - INFO - Processing Æðelþryð (483/26754)...
2025-01-12 14:01:02,191 - INFO - Processing Æthelthryth (484/26754)...
2025-01-12 14:01:11,467 - INFO - Processing Æðelwulf (489/26754)...
2025-01-12 14:01:20,686 - INFO - Processing Afaf (492/26754)...
2025-01-12 14:01:29,917 - INFO - Processing Affan (497/26754)...
2025-01-12 14:01:39,177 - INFO - Processing Afif (501/26754)...
2025-01-12 14:01:48,448 - INFO - Processing Afolabi (506/26754)...
2025-01-12 14:01:57,668 - INFO - Processing Afonya (509/26754)...
2025-01-12 14:02:06,886 - INFO - Processing Afra (510/26754)...
2025-01-12 14:02:16,129 - INFO - Processing Afrim (515/26754)...
2025-01-12 14:02:25,381 - INFO - Processing Afrodita (516/26754)...
2025-01-12 14:02:34,627 - INFO - Processing Afsaneh (519/26754)...
2025-01-12 14:02:43,903 - INFO - Processing Afzal (524/26754)...
2025-01-12 14:02:53,141 - INFO - Processing Ağa (525/26754)...
2025-01-12 14:03:02,379 - INFO - Processing Agafon (526/26754)...
2025-01-12 14:03:11,625 - INFO - Processing Agapetos (531/26754)...
2025-01-12 14:03:20,843 - INFO - Processing Agapios (534/26754)...
2025-01-12 14:03:30,103 - INFO - Processing Agapito (535/26754)...
2025-01-12 14:03:39,382 - INFO - Processing Agata (540/26754)...
2025-01-12 14:03:48,634 - INFO - Processing Agate (541/26754)...
2025-01-12 14:03:57,863 - INFO - Processing Agathe (544/26754)...
2025-01-12 14:04:07,106 - INFO - Processing Agatka (552/26754)...
2025-01-12 14:04:16,355 - INFO - Processing Agaue (553/26754)...
2025-01-12 14:04:25,593 - INFO - Processing Aggie (558/26754)...
2025-01-12 14:04:34,828 - INFO - Processing Aghil (561/26754)...
2025-01-12 14:04:44,064 - INFO - Processing Aghlab (562/26754)...
2025-01-12 14:04:53,274 - INFO - Processing Agimar (567/26754)...
2025-01-12 14:05:02,491 - INFO - Processing Aglaé (568/26754)...
2025-01-12 14:05:11,738 - INFO - Processing Aglaya (571/26754)...
2025-01-12 14:05:20,990 - INFO - Processing Ágnes (577/26754)...
2025-01-12 14:05:30,201 - INFO - Processing Agnès (578/26754)...
2025-01-12 14:05:39,428 - INFO - Processing Agnessa (583/26754)...
2025-01-12 14:05:48,656 - INFO - Processing Agnetha (586/26754)...
2025-01-12 14:05:57,873 - INFO - Processing Agnethe (587/26754)...
2025-01-12 14:06:07,095 - INFO - Processing Ago (594/26754)...
2025-01-12 14:06:16,359 - INFO - Processing Agolant (595/26754)...
2025-01-12 14:06:25,647 - INFO - Processing Ågot (600/26754)...
2025-01-12 14:06:34,979 - INFO - Processing Ágota (601/26754)...
2025-01-12 14:06:44,205 - INFO - Processing Agripina (604/26754)...
2025-01-12 14:06:53,442 - INFO - Processing Águeda (609/26754)...
2025-01-12 14:07:02,714 - INFO - Processing Agung (610/26754)...
2025-01-12 14:07:11,926 - INFO - Processing Agurne (611/26754)...
2025-01-12 14:07:21,250 - INFO - Processing Agustina (616/26754)...
2025-01-12 14:07:30,512 - INFO - Processing Aharon (619/26754)...
2025-01-12 14:07:39,763 - INFO - Processing Ahasuerus (620/26754)...
2025-01-12 14:07:49,038 - INFO - Processing Ahmad (625/26754)...
2025-01-12 14:07:58,306 - INFO - Processing Ahmadu (626/26754)...
2025-01-12 14:08:07,604 - INFO - Processing Ahmose (629/26754)...
2025-01-12 14:08:16,867 - INFO - Processing Ahsan (634/26754)...
2025-01-12 14:08:26,109 - INFO - Processing Ahsen (635/26754)...
2025-01-12 14:08:35,353 - INFO - Processing Ahtahkakoop (636/26754)...
2025-01-12 14:08:44,583 - INFO - Processing Ahuva (641/26754)...
2025-01-12 14:08:53,835 - INFO - Processing Aias (643/26754)...
2025-01-12 14:09:03,079 - INFO - Processing Aibek (644/26754)...
2025-01-12 14:09:12,354 - INFO - Processing Aïchatou (647/26754)...
2025-01-12 14:09:21,602 - INFO - Processing Aída (648/26754)...
2025-01-12 14:09:30,837 - INFO - Processing Aida (649/26754)...
2025-01-12 14:09:40,053 - INFO - Processing Aidas (652/26754)...
2025-01-12 14:09:49,296 - INFO - Processing Aiday (653/26754)...
2025-01-12 14:09:58,499 - INFO - Processing Aideen (654/26754)...
2025-01-12 14:10:07,715 - INFO - Processing Aifric (657/26754)...
2025-01-12 14:10:16,969 - INFO - Processing Aiga (658/26754)...
2025-01-12 14:10:26,217 - INFO - Processing Aigar (659/26754)...
2025-01-12 14:10:35,463 - INFO - Processing Aigeus (662/26754)...
2025-01-12 14:10:44,718 - INFO - Processing Aigle (663/26754)...
2025-01-12 14:10:53,944 - INFO - Processing Aignéis (664/26754)...
2025-01-12 14:11:03,172 - INFO - Processing Aikaterine (667/26754)...
2025-01-12 14:11:12,443 - INFO - Processing Aikaterini (668/26754)...
2025-01-12 14:11:21,687 - INFO - Processing Aikorkem (671/26754)...
2025-01-12 14:11:30,895 - INFO - Processing Aila (672/26754)...
2025-01-12 14:11:40,138 - INFO - Processing Ailbe (673/26754)...
2025-01-12 14:11:49,369 - INFO - Processing Ailean (676/26754)...
2025-01-12 14:11:58,873 - INFO - Processing Aileas (677/26754)...
2025-01-12 14:12:08,185 - INFO - Processing Aileen (678/26754)...
2025-01-12 14:12:17,414 - INFO - Processing Ailill (681/26754)...
2025-01-12 14:12:26,637 - INFO - Processing Ailín (682/26754)...
2025-01-12 14:12:35,878 - INFO - Processing Ailin (683/26754)...
2025-01-12 14:12:45,128 - INFO - Processing Ailish (686/26754)...
2025-01-12 14:12:54,341 - INFO - Processing Ailpean (687/26754)...
2025-01-12 14:13:03,572 - INFO - Processing Ailsa (688/26754)...
2025-01-12 14:13:12,798 - INFO - Processing Aimé (691/26754)...
2025-01-12 14:13:22,036 - INFO - Processing Aimée (692/26754)...
2025-01-12 14:13:31,260 - INFO - Processing Aimee (693/26754)...
2025-01-12 14:13:40,474 - INFO - Processing Aimi (696/26754)...
2025-01-12 14:13:49,703 - INFO - Processing Aimilios (697/26754)...
2025-01-12 14:13:58,907 - INFO - Processing Aimo (698/26754)...
2025-01-12 14:14:08,153 - INFO - Processing Ainara (701/26754)...
2025-01-12 14:14:17,366 - INFO - Processing Ainārs (702/26754)...
2025-01-12 14:14:26,648 - INFO - Processing Aindrea (703/26754)...
2025-01-12 14:14:35,898 - INFO - Processing Áine (706/26754)...
2025-01-12 14:14:45,147 - INFO - Processing Aineias (707/26754)...
2025-01-12 14:14:54,417 - INFO - Processing Aingeal (708/26754)...
2025-01-12 14:15:03,663 - INFO - Processing Aino (711/26754)...
2025-01-12 14:15:12,914 - INFO - Processing Ainoa (712/26754)...
2025-01-12 14:15:22,127 - INFO - Processing Ainslie (715/26754)...
2025-01-12 14:15:31,335 - INFO - Processing Aintza (716/26754)...
2025-01-12 14:15:40,544 - INFO - Processing Aintzane (717/26754)...
2025-01-12 14:15:49,756 - INFO - Processing Aiolos (720/26754)...
2025-01-12 14:15:58,965 - INFO - Processing Aira (721/26754)...
2025-01-12 14:16:08,194 - INFO - Processing Airat (722/26754)...
2025-01-12 14:16:17,415 - INFO - Processing Airmanareiks (725/26754)...
2025-01-12 14:16:26,626 - INFO - Processing Aişə (726/26754)...
2025-01-12 14:16:35,893 - INFO - Processing Aischylos (727/26754)...
2025-01-12 14:16:45,110 - INFO - Processing Aisha (730/26754)...
2025-01-12 14:16:54,344 - INFO - Processing Aishah (731/26754)...
2025-01-12 14:17:03,564 - INFO - Processing Aishat (732/26754)...
2025-01-12 14:17:12,793 - INFO - Processing Aishwarya (735/26754)...
2025-01-12 14:17:22,038 - INFO - Processing Aislin (736/26754)...
2025-01-12 14:17:31,315 - INFO - Processing Aisopos (739/26754)...
2025-01-12 14:17:40,585 - INFO - Processing Aïssa (740/26754)...
2025-01-12 14:17:49,839 - INFO - Processing Aïssatou (741/26754)...
2025-01-12 14:17:59,087 - INFO - Processing Aisultan (744/26754)...
2025-01-12 14:18:08,332 - INFO - Processing Aisyah (745/26754)...
2025-01-12 14:18:17,548 - INFO - Processing Aitana (746/26754)...
2025-01-12 14:18:26,774 - INFO - Processing Aither (749/26754)...
2025-01-12 14:18:35,979 - INFO - Processing Aithne (750/26754)...
2025-01-12 14:18:45,178 - INFO - Processing Aivar (753/26754)...
2025-01-12 14:18:54,433 - INFO - Processing Aivars (754/26754)...
2025-01-12 14:19:03,744 - INFO - Processing Aiwareiks (755/26754)...
2025-01-12 14:19:12,999 - INFO - Processing Aizere (758/26754)...
2025-01-12 14:19:22,209 - INFO - Processing Aizhan (759/26754)...
2025-01-12 14:19:31,447 - INFO - Processing Ajda (762/26754)...
2025-01-12 14:19:40,706 - INFO - Processing Ajdin (763/26754)...
2025-01-12 14:19:49,968 - INFO - Processing Ajit (766/26754)...
2025-01-12 14:19:59,234 - INFO - Processing Ajita (767/26754)...
2025-01-12 14:20:08,505 - INFO - Processing Ajith (768/26754)...
2025-01-12 14:20:17,724 - INFO - Processing Ajna (771/26754)...
2025-01-12 14:20:26,936 - INFO - Processing Ajnur (772/26754)...
2025-01-12 14:20:36,168 - INFO - Processing Ajša (773/26754)...
2025-01-12 14:20:45,378 - INFO - Processing Akachi (774/26754)...
2025-01-12 14:20:54,604 - INFO - Processing Akaki (775/26754)...
2025-01-12 14:21:03,832 - INFO - Processing Akakios (776/26754)...
2025-01-12 14:21:13,051 - INFO - Processing Akamu (777/26754)...
2025-01-12 14:21:22,287 - INFO - Processing Akane (778/26754)...
2025-01-12 14:21:31,523 - INFO - Processing Akanksha (779/26754)...
2025-01-12 14:21:40,735 - INFO - Processing Akantha (780/26754)...
2025-01-12 14:21:49,935 - INFO - Processing Akari (781/26754)...
2025-01-12 14:21:59,163 - INFO - Processing Akash (782/26754)...
2025-01-12 14:22:08,403 - INFO - Processing Akbar (783/26754)...
2025-01-12 14:22:17,644 - INFO - Processing Akbota (784/26754)...
2025-01-12 14:22:26,856 - INFO - Processing Åke (785/26754)...
2025-01-12 14:22:36,100 - INFO - Processing Akeem (786/26754)...
2025-01-12 14:22:45,355 - INFO - Processing Akemi (787/26754)...
2025-01-12 14:22:54,622 - INFO - Processing Akerke (788/26754)...
2025-01-12 14:23:03,909 - INFO - Processing Akhenaten (789/26754)...
2025-01-12 14:23:13,152 - INFO - Processing Akhenaton (790/26754)...
2025-01-12 14:23:22,404 - INFO - Processing Akhil (791/26754)...
2025-01-12 14:23:31,602 - INFO - Processing Akhila (792/26754)...
2025-01-12 14:23:40,834 - INFO - Processing Akhmad (793/26754)...
2025-01-12 14:23:50,061 - INFO - Processing Akhmat (794/26754)...
2025-01-12 14:23:59,303 - INFO - Processing Akhmet (795/26754)...
2025-01-12 14:24:08,552 - INFO - Processing 'Akhsa (796/26754)...
2025-01-12 14:24:17,772 - INFO - Processing Áki (797/26754)...
2025-01-12 14:24:27,018 - INFO - Processing Aki (798/26754)...
2025-01-12 14:24:36,265 - INFO - Processing Akiba (799/26754)...
2025-01-12 14:24:45,530 - INFO - Processing Akicita (800/26754)...
2025-01-12 14:24:54,771 - INFO - Processing Akie (801/26754)...
2025-01-12 14:25:04,024 - INFO - Processing Akif (802/26754)...
2025-01-12 14:25:13,262 - INFO - Processing Akihiko (803/26754)...
2025-01-12 14:25:22,527 - INFO - Processing Akihito (804/26754)...
2025-01-12 14:25:31,759 - INFO - Processing Akiko (805/26754)...
2025-01-12 14:25:40,996 - INFO - Processing Akilah (806/26754)...
2025-01-12 14:25:50,202 - INFO - Processing Akilina (807/26754)...
2025-01-12 14:25:59,444 - INFO - Processing Akim (808/26754)...
2025-01-12 14:26:08,695 - INFO - Processing Akimitsu (809/26754)...
2025-01-12 14:26:17,942 - INFO - Processing Akinyi (810/26754)...
2025-01-12 14:26:27,158 - INFO - Processing Akio (811/26754)...
2025-01-12 14:26:36,421 - INFO - Processing Akira (812/26754)...
2025-01-12 14:26:45,651 - INFO - Processing Akito (813/26754)...
2025-01-12 14:26:54,872 - INFO - Processing Akiva (814/26754)...
2025-01-12 14:27:04,091 - INFO - Processing Akli (815/26754)...
2025-01-12 14:27:13,350 - INFO - Processing Akmad (816/26754)...
2025-01-12 14:27:22,580 - INFO - Processing Akmal (817/26754)...
2025-01-12 14:27:31,831 - INFO - Processing Akmaral (818/26754)...
2025-01-12 14:27:41,075 - INFO - Processing Akmat (819/26754)...
2025-01-12 14:27:50,285 - INFO - Processing Akoni (820/26754)...
2025-01-12 14:27:59,492 - INFO - Processing Ákos (821/26754)...
2025-01-12 14:28:08,711 - INFO - Processing Akosua (822/26754)...
2025-01-12 14:28:17,925 - INFO - Processing Akpan (823/26754)...
2025-01-12 14:28:27,177 - INFO - Processing Akpofure (824/26754)...
2025-01-12 14:28:36,431 - INFO - Processing Akram (825/26754)...
2025-01-12 14:28:45,707 - INFO - Processing Akrom (826/26754)...
2025-01-12 14:28:54,949 - INFO - Processing Aksana (827/26754)...
2025-01-12 14:29:04,220 - INFO - Processing Aksel (828/26754)...
2025-01-12 14:29:13,482 - INFO - Processing Akseli (829/26754)...
2025-01-12 14:29:22,718 - INFO - Processing Akshay (830/26754)...
2025-01-12 14:29:31,971 - INFO - Processing Aksinia (831/26754)...
2025-01-12 14:29:41,253 - INFO - Processing Aksinya (832/26754)...
2025-01-12 14:29:50,490 - INFO - Processing Aku (833/26754)...
2025-01-12 14:29:59,712 - INFO - Processing Akua (834/26754)...
2025-01-12 14:30:08,975 - INFO - Processing Akuchi (835/26754)...
2025-01-12 14:30:18,208 - INFO - Processing Akulina (836/26754)...
2025-01-12 14:30:27,423 - INFO - Processing Akvilė (837/26754)...
2025-01-12 14:30:36,647 - INFO - Processing Al (838/26754)...
2025-01-12 14:30:45,866 - INFO - Processing Ala (839/26754)...
2025-01-12 14:30:55,082 - INFO - Processing Alaa (840/26754)...
2025-01-12 14:31:04,319 - INFO - Processing Ala ad-Din (841/26754)...
2025-01-12 14:31:13,522 - INFO - Processing Ala al-Din (842/26754)...
2025-01-12 14:31:22,747 - INFO - Processing Alaattin (843/26754)...
2025-01-12 14:31:31,965 - INFO - Processing Alaba (844/26754)...
2025-01-12 14:31:41,193 - INFO - Processing Aladdin (845/26754)...
2025-01-12 14:31:50,443 - INFO - Processing Alaia (846/26754)...
2025-01-12 14:31:59,656 - INFO - Processing Alain (847/26754)...
2025-01-12 14:32:08,909 - INFO - Processing Alaina (848/26754)...
2025-01-12 14:32:18,218 - INFO - Processing Alaiya (849/26754)...
2025-01-12 14:32:27,455 - INFO - Processing Alajos (850/26754)...
2025-01-12 14:32:36,699 - INFO - Processing Al-Amir (851/26754)...
2025-01-12 14:32:45,959 - INFO - Processing Alan (852/26754)...
2025-01-12 14:32:55,222 - INFO - Processing Alana (853/26754)...
2025-01-12 14:33:04,449 - INFO - Processing Alani (854/26754)...
2025-01-12 14:33:16,888 - INFO - Processing Alanis (855/26754)...
2025-01-12 14:33:26,146 - INFO - Processing Alanna (856/26754)...
2025-01-12 14:33:35,401 - INFO - Processing Alannah (857/26754)...
2025-01-12 14:33:44,657 - INFO - Processing Alannis (858/26754)...
2025-01-12 14:33:53,886 - INFO - Processing Alaois (859/26754)...
2025-01-12 14:34:03,114 - INFO - Processing Alard (860/26754)...
2025-01-12 14:34:14,452 - INFO - Processing Alareiks (861/26754)...
2025-01-12 14:34:23,661 - INFO - Processing Alaric (862/26754)...
2025-01-12 14:34:32,888 - INFO - Processing Alasdair (863/26754)...
2025-01-12 14:34:42,100 - INFO - Processing Alassane (864/26754)...
2025-01-12 14:34:51,342 - INFO - Processing Alastair (865/26754)...
2025-01-12 14:35:00,557 - INFO - Processing Alastar (866/26754)...
2025-01-12 14:35:12,061 - INFO - Processing Alastor (867/26754)...
2025-01-12 14:35:21,295 - INFO - Processing Alastríona (868/26754)...
2025-01-12 14:35:30,525 - INFO - Processing Alawar (869/26754)...
2025-01-12 14:35:39,762 - INFO - Processing Alaya (870/26754)...
2025-01-12 14:35:48,991 - INFO - Processing Alayah (871/26754)...
2025-01-12 14:35:58,234 - INFO - Processing Alayna (872/26754)...
